{"name": "test_failure", "status": "failed", "statusDetails": {"message": "AssertionError: assert False", "trace": "def test_failure():\n>       assert False\nE       assert False\n\nunite_test/测试报告的美化与定制/test_alluredemo1.py:10: AssertionError"}, "start": 1717578004527, "stop": 1717578004530, "uuid": "c548b168-cc70-4d42-b9c4-cf2aae85a4ab", "historyId": "954511b2e1ad54ff42c10de6baefc1b6", "testCaseId": "954511b2e1ad54ff42c10de6baefc1b6", "fullName": "unite_test.测试报告的美化与定制.test_alluredemo1#test_failure", "labels": [{"name": "parentSuite", "value": "unite_test.测试报告的美化与定制"}, {"name": "suite", "value": "test_alluredemo1"}, {"name": "host", "value": "localhost"}, {"name": "thread", "value": "27602-MainThread"}, {"name": "framework", "value": "pytest"}, {"name": "language", "value": "cpython3"}, {"name": "package", "value": "unite_test.测试报告的美化与定制.test_alluredemo1"}]}